[2m11:53:00[22m [31m[1m[vite][22m[39m [31mInternal server error: D:\Sidvin-Workflow\App.tsx: Identifier 'React' has already been declared. (63:7)

[0m [90m 61 |[31m   [33m|[31m [32m'addTermSheetDetails'[31m
 [90m 62 |[31m   [33m|[31m [32m'editTermSheetDetails'[31m
[31m[1m>[22m[31m[90m 63 |[31m [36mimport[31m [33mReact[31m[33m,[31m { useState[33m,[31m useEffect[33m,[31m useCallback } [36mfrom[31m [32m'react'[31m[33m;[31m
 [90m    |[31m        [31m[1m^[22m[31m
 [90m 64 |[31m [36mimport[31m {
 [90m 65 |[31m   [33mProperty[31m[33m,[31m
 [90m 66 |[31m   [33mBrand[31m[33m,[31m[0m[39m
  Plugin: [35mvite:react-babel[39m
  File: [36mD:/Sidvin-Workflow/App.tsx[39m:63:7
[33m  62 |    | 'editTermSheetDetails'
  63 |  import React, { useState, useEffect, useCallback } from 'react';
  64 |  import {
     |      ^
  65 |    Property,
  66 |    Brand,[39m
      at constructor (D:\Sidvin-Workflow\node_modules\@babel\parser\lib\index.js:365:19)
      at TypeScriptParserMixin.raise (D:\Sidvin-Workflow\node_modules\@babel\parser\lib\index.js:6599:19)
      at TypeScriptScopeHandler.checkRedeclarationInScope (D:\Sidvin-Workflow\node_modules\@babel\parser\lib\index.js:1619:19)
      at TypeScriptScopeHandler.declareName (D:\Sidvin-Workflow\node_modules\@babel\parser\lib\index.js:1585:12)
      at TypeScriptScopeHandler.declareName (D:\Sidvin-Workflow\node_modules\@babel\parser\lib\index.js:4880:11)
      at TypeScriptParserMixin.declareNameFromIdentifier (D:\Sidvin-Workflow\node_modules\@babel\parser\lib\index.js:7567:16)
      at TypeScriptParserMixin.checkIdentifier (D:\Sidvin-Workflow\node_modules\@babel\parser\lib\index.js:7563:12)
      at TypeScriptParserMixin.checkLVal (D:\Sidvin-Workflow\node_modules\@babel\parser\lib\index.js:7500:12)
      at TypeScriptParserMixin.finishImportSpecifier (D:\Sidvin-Workflow\node_modules\@babel\parser\lib\index.js:14266:10)
      at TypeScriptParserMixin.parseImportSpecifierLocal (D:\Sidvin-Workflow\node_modules\@babel\parser\lib\index.js:14263:31)
      at TypeScriptParserMixin.maybeParseDefaultImportSpecifier (D:\Sidvin-Workflow\node_modules\@babel\parser\lib\index.js:14366:12)
      at TypeScriptParserMixin.parseImportSpecifiersAndAfter (D:\Sidvin-Workflow\node_modules\@babel\parser\lib\index.js:14239:29)
      at TypeScriptParserMixin.parseImport (D:\Sidvin-Workflow\node_modules\@babel\parser\lib\index.js:14235:17)
      at TypeScriptParserMixin.parseImport (D:\Sidvin-Workflow\node_modules\@babel\parser\lib\index.js:9353:26)
      at TypeScriptParserMixin.parseStatementContent (D:\Sidvin-Workflow\node_modules\@babel\parser\lib\index.js:12876:27)
      at TypeScriptParserMixin.parseStatementContent (D:\Sidvin-Workflow\node_modules\@babel\parser\lib\index.js:9508:18)
      at TypeScriptParserMixin.parseStatementLike (D:\Sidvin-Workflow\node_modules\@babel\parser\lib\index.js:12767:17)
      at TypeScriptParserMixin.parseModuleItem (D:\Sidvin-Workflow\node_modules\@babel\parser\lib\index.js:12744:17)
      at TypeScriptParserMixin.parseBlockOrModuleBlockBody (D:\Sidvin-Workflow\node_modules\@babel\parser\lib\index.js:13316:36)
      at TypeScriptParserMixin.parseBlockBody (D:\Sidvin-Workflow\node_modules\@babel\parser\lib\index.js:13309:10)
      at TypeScriptParserMixin.parseProgram (D:\Sidvin-Workflow\node_modules\@babel\parser\lib\index.js:12622:10)
      at TypeScriptParserMixin.parseTopLevel (D:\Sidvin-Workflow\node_modules\@babel\parser\lib\index.js:12612:25)
      at TypeScriptParserMixin.parse (D:\Sidvin-Workflow\node_modules\@babel\parser\lib\index.js:14488:25)
      at TypeScriptParserMixin.parse (D:\Sidvin-Workflow\node_modules\@babel\parser\lib\index.js:10126:18)
      at parse (D:\Sidvin-Workflow\node_modules\@babel\parser\lib\index.js:14522:38)
      at parser (D:\Sidvin-Workflow\node_modules\@babel\core\lib\parser\index.js:41:34)
      at parser.next (<anonymous>)
      at normalizeFile (D:\Sidvin-Workflow\node_modules\@babel\core\lib\transformation\normalize-file.js:64:37)
      at normalizeFile.next (<anonymous>)
      at run (D:\Sidvin-Workflow\node_modules\@babel\core\lib\transformation\index.js:22:50)
      at run.next (<anonymous>)
      at transform (D:\Sidvin-Workflow\node_modules\@babel\core\lib\transform.js:22:33)
      at transform.next (<anonymous>)
      at step (D:\Sidvin-Workflow\node_modules\gensync\index.js:261:32)
      at D:\Sidvin-Workflow\node_modules\gensync\index.js:273:13
      at async.call.result.err.err (D:\Sidvin-Workflow\node_modules\gensync\index.js:223:11)
      at D:\Sidvin-Workflow\node_modules\gensync\index.js:189:28
      at D:\Sidvin-Workflow\node_modules\@babel\core\lib\gensync-utils\async.js:67:7
      at D:\Sidvin-Workflow\node_modules\gensync\index.js:113:33
      at step (D:\Sidvin-Workflow\node_modules\gensync\index.js:287:14)
      at D:\Sidvin-Workflow\node_modules\gensync\index.js:273:13
      at async.call.result.err.err (D:\Sidvin-Workflow\node_modules\gensync\index.js:223:11)
[2m12:07:56[22m [31m[1m[vite][22m[39m [31mInternal server error: Transform failed with 1 error:
D:/Sidvin-Workflow/services/dataService.ts:187:0: ERROR: Unexpected "}"[39m
  Plugin: [35mvite:esbuild[39m
  File: [36mD:/Sidvin-Workflow/services/dataService.ts[39m:187:0
[33m  
  [33mUnexpected "}"[33m
  185|    currentStage,
  186|  };
  187|  };
     |  ^
  188|  
  189|  const normalizeVisit = (v: any): Visit => ({
  [39m
      at failureErrorWithLog (D:\Sidvin-Workflow\node_modules\esbuild\lib\main.js:1467:15)
      at D:\Sidvin-Workflow\node_modules\esbuild\lib\main.js:736:50
      at responseCallbacks.<computed> (D:\Sidvin-Workflow\node_modules\esbuild\lib\main.js:603:9)
      at handleIncomingPacket (D:\Sidvin-Workflow\node_modules\esbuild\lib\main.js:658:12)
      at Socket.readFromStdout (D:\Sidvin-Workflow\node_modules\esbuild\lib\main.js:581:7)
      at Socket.emit (node:events:508:28)
      at addChunk (node:internal/streams/readable:559:12)
      at readableAddChunkPushByteMode (node:internal/streams/readable:510:3)
      at Readable.push (node:internal/streams/readable:390:5)
      at Pipe.onStreamRead (node:internal/stream_base_commons:189:23)
[2m12:07:56[22m [31m[1m[vite][22m[39m [31m[2m(client)[22m[39m Pre-transform error: Transform failed with 1 error:
D:/Sidvin-Workflow/services/dataService.ts:187:0: ERROR: Unexpected "}"
  Plugin: [35mvite:esbuild[39m
  File: [36mD:/Sidvin-Workflow/services/dataService.ts[39m:187:0
[33m  
  [33mUnexpected "}"[33m
  185|    currentStage,
  186|  };
  187|  };
     |  ^
  188|  
  189|  const normalizeVisit = (v: any): Visit => ({
  [39m
[2m12:08:39[22m [31m[1m[vite][22m[39m [31mInternal server error: D:\Sidvin-Workflow\App.tsx: Identifier 'proposalForEdit' has already been declared. (766:14)

[0m [90m 764 |[31m         [36mreturn[31m proposalForEdit [33m?[31m [33m<[31m[33mProposalForm[31m initialData[33m=[31m{proposalForEdit} properties[33m=[31m{properties} brands[33m=[31m{brands} sidvinTeamMembers[33m=[31m{sidvinTeamMembers} onSubmit[33m=[31m{(payload) [33m=>[31m handleUpdateProposal({ [33m...[31mproposalForEdit[33m,[31m [33m...[31mpayload })} onCancel[33m=[31m{handleCancelForm} currentUserName[33m=[31m{currentUserName} [33m/[31m[33m>[31m [33m:[31m [33m<[31m[33mdiv[31m className[33m=[31m[32m"text-center py-8"[31m[33m>[31m[33mProposal[31m not found [36mfor[31m editing[33m.[31m[33m<[31m[33m/[31m[33mdiv[31m[33m>[31m[33m;[31m
 [90m 765 |[31m       [36mcase[31m [32m'editProposal'[31m[33m:[31m
[31m[1m>[22m[31m[90m 766 |[31m         [36mconst[31m proposalForEdit [33m=[31m editingProposal [33m||[31m proposals[33m.[31mfind(p [33m=>[31m p[33m.[31mid [33m===[31m selectedProposalId)[33m;[31m
 [90m     |[31m               [31m[1m^[22m[31m
 [90m 767 |[31m         [36mreturn[31m proposalForEdit [33m?[31m [33m<[31m[33mProposalForm[31m initialData[33m=[31m{proposalForEdit} properties[33m=[31m{properties} brands[33m=[31m{brands} sidvinTeamMembers[33m=[31m{sidvinTeamMembers} onSubmit[33m=[31m{(payload) [33m=>[31m handleUpdateProposal({ [33m...[31mproposalForEdit[33m,[31m [33m...[31mpayload })} onCancel[33m=[31m{handleCancelForm} currentUserName[33m=[31m{currentUserName} [33m/[31m[33m>[31m [33m:[31m [33m<[31m[33mdiv[31m className[33m=[31m[32m"text-center py-8"[31m[33m>[31m[33mProposal[31m not found [36mfor[31m editing[33m.[31m[33m<[31m[33m/[31m[33mdiv[31m[33m>[31m[33m;[31m
 [90m 768 |[31m       [36mcase[31m [32m'proposalDetail'[31m[33m:[31m
 [90m 769 |[31m         [36mconst[31m proposal [33m=[31m proposals[33m.[31mfind(p [33m=>[31m p[33m.[31mid [33m===[31m selectedProposalId)[33m;[31m[0m[39m
  Plugin: [35mvite:react-babel[39m
  File: [36mD:/Sidvin-Workflow/App.tsx[39m:766:14
[33m  770|          const propertyForProposal = properties.find(p => p.id === proposal?.propertyId);
  771|          const brandForProposal = brands.find(b => b.id === proposal?.brandId);
  772|          const visitsForProposal = visits.filter(v => v.proposalId === selectedProposalId);
     |                                ^
  773|          const followUpsForProposal = followUps.filter(fu => fu.proposalId === selectedProposalId);
  774|          const termSheetForProposal = termSheetAgreements.find(ts => ts.proposalId === selectedProposalId);[39m
      at constructor (D:\Sidvin-Workflow\node_modules\@babel\parser\lib\index.js:365:19)
      at TypeScriptParserMixin.raise (D:\Sidvin-Workflow\node_modules\@babel\parser\lib\index.js:6599:19)
      at TypeScriptScopeHandler.checkRedeclarationInScope (D:\Sidvin-Workflow\node_modules\@babel\parser\lib\index.js:1619:19)
      at TypeScriptScopeHandler.declareName (D:\Sidvin-Workflow\node_modules\@babel\parser\lib\index.js:1585:12)
      at TypeScriptScopeHandler.declareName (D:\Sidvin-Workflow\node_modules\@babel\parser\lib\index.js:4880:11)
      at TypeScriptParserMixin.declareNameFromIdentifier (D:\Sidvin-Workflow\node_modules\@babel\parser\lib\index.js:7567:16)
      at TypeScriptParserMixin.checkIdentifier (D:\Sidvin-Workflow\node_modules\@babel\parser\lib\index.js:7563:12)
      at TypeScriptParserMixin.checkLVal (D:\Sidvin-Workflow\node_modules\@babel\parser\lib\index.js:7500:12)
      at TypeScriptParserMixin.parseVarId (D:\Sidvin-Workflow\node_modules\@babel\parser\lib\index.js:13412:10)
      at TypeScriptParserMixin.parseVarId (D:\Sidvin-Workflow\node_modules\@babel\parser\lib\index.js:9752:11)
      at TypeScriptParserMixin.parseVar (D:\Sidvin-Workflow\node_modules\@babel\parser\lib\index.js:13383:12)
      at TypeScriptParserMixin.parseVarStatement (D:\Sidvin-Workflow\node_modules\@babel\parser\lib\index.js:13230:10)
      at TypeScriptParserMixin.parseVarStatement (D:\Sidvin-Workflow\node_modules\@babel\parser\lib\index.js:9408:31)
      at TypeScriptParserMixin.parseStatementContent (D:\Sidvin-Workflow\node_modules\@babel\parser\lib\index.js:12851:23)
      at TypeScriptParserMixin.parseStatementContent (D:\Sidvin-Workflow\node_modules\@babel\parser\lib\index.js:9508:18)
      at TypeScriptParserMixin.parseStatementLike (D:\Sidvin-Workflow\node_modules\@babel\parser\lib\index.js:12767:17)
      at TypeScriptParserMixin.parseStatementListItem (D:\Sidvin-Workflow\node_modules\@babel\parser\lib\index.js:12747:17)
      at TypeScriptParserMixin.parseSwitchStatement (D:\Sidvin-Workflow\node_modules\@babel\parser\lib\index.js:13174:36)
      at TypeScriptParserMixin.parseStatementContent (D:\Sidvin-Workflow\node_modules\@babel\parser\lib\index.js:12800:21)
      at TypeScriptParserMixin.parseStatementContent (D:\Sidvin-Workflow\node_modules\@babel\parser\lib\index.js:9508:18)
      at TypeScriptParserMixin.parseStatementLike (D:\Sidvin-Workflow\node_modules\@babel\parser\lib\index.js:12767:17)
      at TypeScriptParserMixin.parseStatementListItem (D:\Sidvin-Workflow\node_modules\@babel\parser\lib\index.js:12747:17)
      at TypeScriptParserMixin.parseBlockOrModuleBlockBody (D:\Sidvin-Workflow\node_modules\@babel\parser\lib\index.js:13316:61)
      at TypeScriptParserMixin.parseBlockBody (D:\Sidvin-Workflow\node_modules\@babel\parser\lib\index.js:13309:10)
      at TypeScriptParserMixin.parseBlock (D:\Sidvin-Workflow\node_modules\@babel\parser\lib\index.js:13297:10)
      at TypeScriptParserMixin.parseFunctionBody (D:\Sidvin-Workflow\node_modules\@babel\parser\lib\index.js:12100:24)
      at TypeScriptParserMixin.parseArrowExpression (D:\Sidvin-Workflow\node_modules\@babel\parser\lib\index.js:12075:10)
      at TypeScriptParserMixin.parseParenAndDistinguishExpression (D:\Sidvin-Workflow\node_modules\@babel\parser\lib\index.js:11687:12)
      at TypeScriptParserMixin.parseExprAtom (D:\Sidvin-Workflow\node_modules\@babel\parser\lib\index.js:11331:23)
      at TypeScriptParserMixin.parseExprAtom (D:\Sidvin-Workflow\node_modules\@babel\parser\lib\index.js:4764:20)
      at TypeScriptParserMixin.parseExprSubscripts (D:\Sidvin-Workflow\node_modules\@babel\parser\lib\index.js:11081:23)
      at TypeScriptParserMixin.parseUpdate (D:\Sidvin-Workflow\node_modules\@babel\parser\lib\index.js:11066:21)
      at TypeScriptParserMixin.parseMaybeUnary (D:\Sidvin-Workflow\node_modules\@babel\parser\lib\index.js:11046:23)
      at TypeScriptParserMixin.parseMaybeUnary (D:\Sidvin-Workflow\node_modules\@babel\parser\lib\index.js:9837:18)
      at TypeScriptParserMixin.parseMaybeUnaryOrPrivate (D:\Sidvin-Workflow\node_modules\@babel\parser\lib\index.js:10899:61)
      at TypeScriptParserMixin.parseExprOps (D:\Sidvin-Workflow\node_modules\@babel\parser\lib\index.js:10904:23)
      at TypeScriptParserMixin.parseMaybeConditional (D:\Sidvin-Workflow\node_modules\@babel\parser\lib\index.js:10881:23)
      at TypeScriptParserMixin.parseMaybeAssign (D:\Sidvin-Workflow\node_modules\@babel\parser\lib\index.js:10831:21)
      at TypeScriptParserMixin.parseMaybeAssign (D:\Sidvin-Workflow\node_modules\@babel\parser\lib\index.js:9786:20)
      at D:\Sidvin-Workflow\node_modules\@babel\parser\lib\index.js:10800:39
      at TypeScriptParserMixin.allowInAnd (D:\Sidvin-Workflow\node_modules\@babel\parser\lib\index.js:12421:16)
      at TypeScriptParserMixin.parseMaybeAssignAllowIn (D:\Sidvin-Workflow\node_modules\@babel\parser\lib\index.js:10800:17)
      at TypeScriptParserMixin.parseVar (D:\Sidvin-Workflow\node_modules\@babel\parser\lib\index.js:13384:91)
      at TypeScriptParserMixin.parseVarStatement (D:\Sidvin-Workflow\node_modules\@babel\parser\lib\index.js:13230:10)
      at TypeScriptParserMixin.parseVarStatement (D:\Sidvin-Workflow\node_modules\@babel\parser\lib\index.js:9408:31)
      at TypeScriptParserMixin.parseStatementContent (D:\Sidvin-Workflow\node_modules\@babel\parser\lib\index.js:12851:23)
      at TypeScriptParserMixin.parseStatementContent (D:\Sidvin-Workflow\node_modules\@babel\parser\lib\index.js:9508:18)
      at TypeScriptParserMixin.parseStatementLike (D:\Sidvin-Workflow\node_modules\@babel\parser\lib\index.js:12767:17)
      at TypeScriptParserMixin.parseStatementListItem (D:\Sidvin-Workflow\node_modules\@babel\parser\lib\index.js:12747:17)
      at TypeScriptParserMixin.parseBlockOrModuleBlockBody (D:\Sidvin-Workflow\node_modules\@babel\parser\lib\index.js:13316:61)
[2m13:37:34[22m [31m[1m[vite][22m[39m [31m[2m(client)[22m[39m Pre-transform error: D:\Sidvin-Workflow\components\auth\LoginForm.tsx: Missing semicolon. (1:1)

[0m[31m[1m>[22m[39m[90m 1 |[39m i wimport [33mReact[39m[33m,[39m { useState } [36mfrom[39m [32m'react'[39m[33m;[39m
 [90m   |[39m  [31m[1m^[22m[39m
 [90m 2 |[39m [36mimport[39m { [33mSidvinTeamMember[39m } [36mfrom[39m [32m'../../types'[39m[33m;[39m
 [90m 3 |[39m [36mimport[39m [33mButton[39m [36mfrom[39m [32m'../common/Button'[39m[33m;[39m
 [90m 4 |[39m[0m
  Plugin: [35mvite:react-babel[39m
  File: [36mD:/Sidvin-Workflow/components/auth/LoginForm.tsx[39m:1:1
[33m  1  |  i wimport React, { useState } from 'react';
     |   ^
  2  |  import { SidvinTeamMember } from '../../types';
  3  |  import Button from '../common/Button';[39m
[2m13:37:34[22m [31m[1m[vite][22m[39m [31mInternal server error: D:\Sidvin-Workflow\components\auth\LoginForm.tsx: Missing semicolon. (1:1)

[0m[31m[1m>[22m[31m[90m 1 |[31m i wimport [33mReact[31m[33m,[31m { useState } [36mfrom[31m [32m'react'[31m[33m;[31m
 [90m   |[31m  [31m[1m^[22m[31m
 [90m 2 |[31m [36mimport[31m { [33mSidvinTeamMember[31m } [36mfrom[31m [32m'../../types'[31m[33m;[31m
 [90m 3 |[31m [36mimport[31m [33mButton[31m [36mfrom[31m [32m'../common/Button'[31m[33m;[31m
 [90m 4 |[31m[0m[39m
  Plugin: [35mvite:react-babel[39m
  File: [36mD:/Sidvin-Workflow/components/auth/LoginForm.tsx[39m:1:1
[33m  1  |  i wimport React, { useState } from 'react';
     |   ^
  2  |  import { SidvinTeamMember } from '../../types';
  3  |  import Button from '../common/Button';[39m
      at constructor (D:\Sidvin-Workflow\node_modules\@babel\parser\lib\index.js:365:19)
      at TypeScriptParserMixin.raise (D:\Sidvin-Workflow\node_modules\@babel\parser\lib\index.js:6599:19)
      at TypeScriptParserMixin.semicolon (D:\Sidvin-Workflow\node_modules\@babel\parser\lib\index.js:6895:10)
      at TypeScriptParserMixin.parseExpressionStatement (D:\Sidvin-Workflow\node_modules\@babel\parser\lib\index.js:13285:10)
      at TypeScriptParserMixin.parseStatementContent (D:\Sidvin-Workflow\node_modules\@babel\parser\lib\index.js:12899:19)
      at TypeScriptParserMixin.parseStatementContent (D:\Sidvin-Workflow\node_modules\@babel\parser\lib\index.js:9508:18)
      at TypeScriptParserMixin.parseStatementLike (D:\Sidvin-Workflow\node_modules\@babel\parser\lib\index.js:12767:17)
      at TypeScriptParserMixin.parseModuleItem (D:\Sidvin-Workflow\node_modules\@babel\parser\lib\index.js:12744:17)
      at TypeScriptParserMixin.parseBlockOrModuleBlockBody (D:\Sidvin-Workflow\node_modules\@babel\parser\lib\index.js:13316:36)
      at TypeScriptParserMixin.parseBlockBody (D:\Sidvin-Workflow\node_modules\@babel\parser\lib\index.js:13309:10)
      at TypeScriptParserMixin.parseProgram (D:\Sidvin-Workflow\node_modules\@babel\parser\lib\index.js:12622:10)
      at TypeScriptParserMixin.parseTopLevel (D:\Sidvin-Workflow\node_modules\@babel\parser\lib\index.js:12612:25)
      at TypeScriptParserMixin.parse (D:\Sidvin-Workflow\node_modules\@babel\parser\lib\index.js:14488:25)
      at TypeScriptParserMixin.parse (D:\Sidvin-Workflow\node_modules\@babel\parser\lib\index.js:10126:18)
      at parse (D:\Sidvin-Workflow\node_modules\@babel\parser\lib\index.js:14522:38)
      at parser (D:\Sidvin-Workflow\node_modules\@babel\core\lib\parser\index.js:41:34)
      at parser.next (<anonymous>)
      at normalizeFile (D:\Sidvin-Workflow\node_modules\@babel\core\lib\transformation\normalize-file.js:64:37)
      at normalizeFile.next (<anonymous>)
      at run (D:\Sidvin-Workflow\node_modules\@babel\core\lib\transformation\index.js:22:50)
      at run.next (<anonymous>)
      at transform (D:\Sidvin-Workflow\node_modules\@babel\core\lib\transform.js:22:33)
      at transform.next (<anonymous>)
      at step (D:\Sidvin-Workflow\node_modules\gensync\index.js:261:32)
      at D:\Sidvin-Workflow\node_modules\gensync\index.js:273:13
      at async.call.result.err.err (D:\Sidvin-Workflow\node_modules\gensync\index.js:223:11)
      at D:\Sidvin-Workflow\node_modules\gensync\index.js:189:28
      at D:\Sidvin-Workflow\node_modules\@babel\core\lib\gensync-utils\async.js:67:7
      at D:\Sidvin-Workflow\node_modules\gensync\index.js:113:33
      at step (D:\Sidvin-Workflow\node_modules\gensync\index.js:287:14)
      at D:\Sidvin-Workflow\node_modules\gensync\index.js:273:13
      at async.call.result.err.err (D:\Sidvin-Workflow\node_modules\gensync\index.js:223:11)
